Determining if the pthread_create exist failed with the following output:
Change Dir: /home/leonardo/catkin_ws/build/CMakeFiles/CMakeTmp

Run Build Command:"/usr/bin/make" "cmTC_789df/fast"
/usr/bin/make -f CMakeFiles/cmTC_789df.dir/build.make CMakeFiles/cmTC_789df.dir/build
make[1]: Entering directory '/home/leonardo/catkin_ws/build/CMakeFiles/CMakeTmp'
Building C object CMakeFiles/cmTC_789df.dir/CheckSymbolExists.c.o
/usr/bin/cc     -o CMakeFiles/cmTC_789df.dir/CheckSymbolExists.c.o   -c /home/leonardo/catkin_ws/build/CMakeFiles/CMakeTmp/CheckSymbolExists.c
Linking C executable cmTC_789df
/usr/bin/cmake -E cmake_link_script CMakeFiles/cmTC_789df.dir/link.txt --verbose=1
/usr/bin/cc       CMakeFiles/cmTC_789df.dir/CheckSymbolExists.c.o  -o cmTC_789df -rdynamic 
CMakeFiles/cmTC_789df.dir/CheckSymbolExists.c.o: In function `main':
CheckSymbolExists.c:(.text+0x16): undefined reference to `pthread_create'
collect2: error: ld returned 1 exit status
CMakeFiles/cmTC_789df.dir/build.make:97: recipe for target 'cmTC_789df' failed
make[1]: *** [cmTC_789df] Error 1
make[1]: Leaving directory '/home/leonardo/catkin_ws/build/CMakeFiles/CMakeTmp'
Makefile:126: recipe for target 'cmTC_789df/fast' failed
make: *** [cmTC_789df/fast] Error 2

File /home/leonardo/catkin_ws/build/CMakeFiles/CMakeTmp/CheckSymbolExists.c:
/* */
#include <pthread.h>

int main(int argc, char** argv)
{
  (void)argv;
#ifndef pthread_create
  return ((int*)(&pthread_create))[argc];
#else
  (void)argc;
  return 0;
#endif
}

Determining if the function pthread_create exists in the pthreads failed with the following output:
Change Dir: /home/leonardo/catkin_ws/build/CMakeFiles/CMakeTmp

Run Build Command:"/usr/bin/make" "cmTC_0917e/fast"
/usr/bin/make -f CMakeFiles/cmTC_0917e.dir/build.make CMakeFiles/cmTC_0917e.dir/build
make[1]: Entering directory '/home/leonardo/catkin_ws/build/CMakeFiles/CMakeTmp'
Building C object CMakeFiles/cmTC_0917e.dir/CheckFunctionExists.c.o
/usr/bin/cc    -DCHECK_FUNCTION_EXISTS=pthread_create   -o CMakeFiles/cmTC_0917e.dir/CheckFunctionExists.c.o   -c /usr/share/cmake-3.5/Modules/CheckFunctionExists.c
Linking C executable cmTC_0917e
/usr/bin/cmake -E cmake_link_script CMakeFiles/cmTC_0917e.dir/link.txt --verbose=1
/usr/bin/cc   -DCHECK_FUNCTION_EXISTS=pthread_create    CMakeFiles/cmTC_0917e.dir/CheckFunctionExists.c.o  -o cmTC_0917e -rdynamic -lpthreads 
/usr/bin/ld: cannot find -lpthreads
collect2: error: ld returned 1 exit status
CMakeFiles/cmTC_0917e.dir/build.make:97: recipe for target 'cmTC_0917e' failed
make[1]: *** [cmTC_0917e] Error 1
make[1]: Leaving directory '/home/leonardo/catkin_ws/build/CMakeFiles/CMakeTmp'
Makefile:126: recipe for target 'cmTC_0917e/fast' failed
make: *** [cmTC_0917e/fast] Error 2


